app/build/intermediates/manifest_merge_blame_file/debug/manifest-merger-blame-debug-report.txt
1<?xml version="1.0" encoding="utf-8"?>
2<manifest xmlns:android="http://schemas.android.com/apk/res/android"
3    package="de.johannesstuemer.quizapp"
4    android:versionCode="1"
5    android:versionName="1.0" >
6
7    <uses-sdk
8        android:minSdkVersion="23"
8-->src\main\AndroidManifest.xml
9        android:targetSdkVersion="31" />
9-->src\main\AndroidManifest.xml
10
11    <uses-permission android:name="android.permission.INTERNET" />
11-->src\main\AndroidManifest.xml:5:5-67
11-->src\main\AndroidManifest.xml:5:22-64
12    <uses-permission android:name="android.permission.ACCESS_NETWORK_STATE" />
12-->src\main\AndroidManifest.xml:6:5-79
12-->src\main\AndroidManifest.xml:6:22-76
13
14    <application
14-->src\main\AndroidManifest.xml:8:5-50:19
15        android:allowBackup="true"
15-->src\main\AndroidManifest.xml:9:9-35
16        android:appComponentFactory="androidx.core.app.CoreComponentFactory"
16-->[androidx.core:core:1.7.0] AndroidManifest.xml:24:18-86
17        android:debuggable="true"
18        android:extractNativeLibs="false"
19        android:icon="@mipmap/ic_launcher"
19-->src\main\AndroidManifest.xml:10:9-43
20        android:label="@string/app_name"
20-->src\main\AndroidManifest.xml:11:9-41
21        android:roundIcon="@mipmap/ic_launcher_round"
21-->src\main\AndroidManifest.xml:12:9-54
22        android:supportsRtl="true"
22-->src\main\AndroidManifest.xml:13:9-35
23        android:testOnly="true"
24        android:theme="@style/Theme.QuizApp"
24-->src\main\AndroidManifest.xml:14:9-45
25        android:usesCleartextTraffic="true" >
25-->src\main\AndroidManifest.xml:15:9-44
26        <activity
26-->src\main\AndroidManifest.xml:16:9-18:40
27            android:name="de.johannesstuemer.quizapp.DuellTabelle"
27-->src\main\AndroidManifest.xml:17:13-41
28            android:exported="false" />
28-->src\main\AndroidManifest.xml:18:13-37
29        <activity
29-->src\main\AndroidManifest.xml:19:9-21:40
30            android:name="de.johannesstuemer.quizapp.Spielmodus"
30-->src\main\AndroidManifest.xml:20:13-39
31            android:exported="false" />
31-->src\main\AndroidManifest.xml:21:13-37
32        <activity
32-->src\main\AndroidManifest.xml:22:9-24:40
33            android:name="de.johannesstuemer.quizapp.Spiel"
33-->src\main\AndroidManifest.xml:23:13-34
34            android:exported="false" />
34-->src\main\AndroidManifest.xml:24:13-37
35        <activity
35-->src\main\AndroidManifest.xml:25:9-27:39
36            android:name="de.johannesstuemer.quizapp.Login"
36-->src\main\AndroidManifest.xml:26:13-34
37            android:exported="false" />
37-->src\main\AndroidManifest.xml:27:13-37
38        <activity
38-->src\main\AndroidManifest.xml:28:9-30:40
39            android:name="de.johannesstuemer.quizapp.Kategorie"
39-->src\main\AndroidManifest.xml:29:13-38
40            android:exported="false" />
40-->src\main\AndroidManifest.xml:30:13-37
41        <activity
41-->src\main\AndroidManifest.xml:31:9-33:40
42            android:name="de.johannesstuemer.quizapp.Schwierigkeit"
42-->src\main\AndroidManifest.xml:32:13-42
43            android:exported="false" />
43-->src\main\AndroidManifest.xml:33:13-37
44        <activity
44-->src\main\AndroidManifest.xml:34:9-36:40
45            android:name="de.johannesstuemer.quizapp.startseite"
45-->src\main\AndroidManifest.xml:35:13-39
46            android:exported="false" />
46-->src\main\AndroidManifest.xml:36:13-37
47        <activity
47-->src\main\AndroidManifest.xml:37:9-39:40
48            android:name="de.johannesstuemer.quizapp.view.Login"
48-->src\main\AndroidManifest.xml:38:13-39
49            android:exported="false" />
49-->src\main\AndroidManifest.xml:39:13-37
50        <activity
50-->src\main\AndroidManifest.xml:40:9-48:20
51            android:name="de.johannesstuemer.quizapp.MainActivity"
51-->src\main\AndroidManifest.xml:41:13-41
52            android:exported="true" >
52-->src\main\AndroidManifest.xml:42:13-36
53            <intent-filter>
53-->src\main\AndroidManifest.xml:43:13-47:29
54                <action android:name="android.intent.action.MAIN" />
54-->src\main\AndroidManifest.xml:44:17-69
54-->src\main\AndroidManifest.xml:44:25-66
55
56                <category android:name="android.intent.category.LAUNCHER" />
56-->src\main\AndroidManifest.xml:46:17-77
56-->src\main\AndroidManifest.xml:46:27-74
57            </intent-filter>
58        </activity>
59        <activity android:name="de.johannesstuemer.quizapp.Register" />
59-->src\main\AndroidManifest.xml:49:9-46
59-->src\main\AndroidManifest.xml:49:19-43
60
61        <provider
61-->[androidx.emoji2:emoji2:1.0.0] AndroidManifest.xml:26:9-34:20
62            android:name="androidx.startup.InitializationProvider"
62-->[androidx.emoji2:emoji2:1.0.0] AndroidManifest.xml:27:13-67
63            android:authorities="de.johannesstuemer.quizapp.androidx-startup"
63-->[androidx.emoji2:emoji2:1.0.0] AndroidManifest.xml:28:13-68
64            android:exported="false" >
64-->[androidx.emoji2:emoji2:1.0.0] AndroidManifest.xml:29:13-37
65            <meta-data
65-->[androidx.emoji2:emoji2:1.0.0] AndroidManifest.xml:31:13-33:52
66                android:name="androidx.emoji2.text.EmojiCompatInitializer"
66-->[androidx.emoji2:emoji2:1.0.0] AndroidManifest.xml:32:17-75
67                android:value="androidx.startup" />
67-->[androidx.emoji2:emoji2:1.0.0] AndroidManifest.xml:33:17-49
68            <meta-data
68-->[androidx.lifecycle:lifecycle-process:2.4.0] AndroidManifest.xml:31:13-33:52
69                android:name="androidx.lifecycle.ProcessLifecycleInitializer"
69-->[androidx.lifecycle:lifecycle-process:2.4.0] AndroidManifest.xml:32:17-78
70                android:value="androidx.startup" />
70-->[androidx.lifecycle:lifecycle-process:2.4.0] AndroidManifest.xml:33:17-49
71        </provider>
72    </application>
73
74</manifest>